# JRE version: Java(TM) SE Runtime Environment (8.0_51-b16) (build 1.8.0_51-b16)
# Java VM: Java HotSpot(TM) 64-Bit Server VM (25.51-b03 mixed mode windows-amd64 compressed oops)
Heap:
 PSYoungGen      total 34816K, used 10530K [0x00000000eb200000, 0x00000000eeb80000, 0x0000000100000000)
  eden space 32256K, 24% used [0x00000000eb200000,0x00000000eb9c96e0,0x00000000ed180000)
  from space 2560K, 99% used [0x00000000ed200000,0x00000000ed47f4f0,0x00000000ed480000)
  to   space 13312K, 0% used [0x00000000ede80000,0x00000000ede80000,0x00000000eeb80000)
 ParOldGen       total 35328K, used 21766K [0x00000000c1600000, 0x00000000c3880000, 0x00000000eb200000)
  object space 35328K, 61% used [0x00000000c1600000,0x00000000c2b41870,0x00000000c3880000)
 Metaspace       used 26704K, capacity 27060K, committed 27392K, reserved 1073152K
  class space    used 3482K, capacity 3581K, committed 3584K, reserved 1048576K
GC Heap History (10 events):
Event: 1.660 GC heap before
{Heap before GC invocations=2 (full 0):
 PSYoungGen      total 18944K, used 18912K [0x00000000eb200000, 0x00000000ec700000, 0x0000000100000000)
  eden space 16384K, 100% used [0x00000000eb200000,0x00000000ec200000,0x00000000ec200000)
  from space 2560K, 98% used [0x00000000ec200000,0x00000000ec478040,0x00000000ec480000)
  to   space 2560K, 0% used [0x00000000ec480000,0x00000000ec480000,0x00000000ec700000)
 ParOldGen       total 44032K, used 2357K [0x00000000c1600000, 0x00000000c4100000, 0x00000000eb200000)
  object space 44032K, 5% used [0x00000000c1600000,0x00000000c184d7c0,0x00000000c4100000)
 Metaspace       used 19333K, capacity 19552K, committed 19840K, reserved 1067008K
  class space    used 2504K, capacity 2595K, committed 2688K, reserved 1048576K
Event: 1.673 GC heap after
Heap after GC invocations=2 (full 0):
 PSYoungGen      total 18944K, used 2544K [0x00000000eb200000, 0x00000000ed700000, 0x0000000100000000)
  eden space 16384K, 0% used [0x00000000eb200000,0x00000000eb200000,0x00000000ec200000)
  from space 2560K, 99% used [0x00000000ec480000,0x00000000ec6fc020,0x00000000ec700000)
  to   space 2560K, 0% used [0x00000000ec200000,0x00000000ec200000,0x00000000ec480000)
 ParOldGen       total 44032K, used 5517K [0x00000000c1600000, 0x00000000c4100000, 0x00000000eb200000)
  object space 44032K, 12% used [0x00000000c1600000,0x00000000c1b63648,0x00000000c4100000)
 Metaspace       used 19333K, capacity 19552K, committed 19840K, reserved 1067008K
  class space    used 2504K, capacity 2595K, committed 2688K, reserved 1048576K
}
Event: 1.868 GC heap before
{Heap before GC invocations=3 (full 0):
 PSYoungGen      total 18944K, used 5098K [0x00000000eb200000, 0x00000000ed700000, 0x0000000100000000)
  eden space 16384K, 15% used [0x00000000eb200000,0x00000000eb47eb58,0x00000000ec200000)
  from space 2560K, 99% used [0x00000000ec480000,0x00000000ec6fc020,0x00000000ec700000)
  to   space 2560K, 0% used [0x00000000ec200000,0x00000000ec200000,0x00000000ec480000)
 ParOldGen       total 44032K, used 5517K [0x00000000c1600000, 0x00000000c4100000, 0x00000000eb200000)
  object space 44032K, 12% used [0x00000000c1600000,0x00000000c1b63648,0x00000000c4100000)
 Metaspace       used 20968K, capacity 21180K, committed 21296K, reserved 1067008K
  class space    used 2822K, capacity 2899K, committed 2944K, reserved 1048576K
Event: 1.882 GC heap after
Heap after GC invocations=3 (full 0):
 PSYoungGen      total 18944K, used 2544K [0x00000000eb200000, 0x00000000ed700000, 0x0000000100000000)
  eden space 16384K, 0% used [0x00000000eb200000,0x00000000eb200000,0x00000000ec200000)
  from space 2560K, 99% used [0x00000000ec200000,0x00000000ec47c010,0x00000000ec480000)
  to   space 2560K, 0% used [0x00000000ed480000,0x00000000ed480000,0x00000000ed700000)
 ParOldGen       total 44032K, used 6048K [0x00000000c1600000, 0x00000000c4100000, 0x00000000eb200000)
  object space 44032K, 13% used [0x00000000c1600000,0x00000000c1be82c0,0x00000000c4100000)
 Metaspace       used 20968K, capacity 21180K, committed 21296K, reserved 1067008K
  class space    used 2822K, capacity 2899K, committed 2944K, reserved 1048576K
}
Event: 1.882 GC heap before
{Heap before GC invocations=4 (full 1):
 PSYoungGen      total 18944K, used 2544K [0x00000000eb200000, 0x00000000ed700000, 0x0000000100000000)
  eden space 16384K, 0% used [0x00000000eb200000,0x00000000eb200000,0x00000000ec200000)
  from space 2560K, 99% used [0x00000000ec200000,0x00000000ec47c010,0x00000000ec480000)
  to   space 2560K, 0% used [0x00000000ed480000,0x00000000ed480000,0x00000000ed700000)
 ParOldGen       total 44032K, used 6048K [0x00000000c1600000, 0x00000000c4100000, 0x00000000eb200000)
  object space 44032K, 13% used [0x00000000c1600000,0x00000000c1be82c0,0x00000000c4100000)
 Metaspace       used 20968K, capacity 21180K, committed 21296K, reserved 1067008K
  class space    used 2822K, capacity 2899K, committed 2944K, reserved 1048576K
Event: 1.936 GC heap after
Heap after GC invocations=4 (full 1):
 PSYoungGen      total 18944K, used 0K [0x00000000eb200000, 0x00000000ed700000, 0x0000000100000000)
  eden space 16384K, 0% used [0x00000000eb200000,0x00000000eb200000,0x00000000ec200000)
  from space 2560K, 0% used [0x00000000ec200000,0x00000000ec200000,0x00000000ec480000)
  to   space 2560K, 0% used [0x00000000ed480000,0x00000000ed480000,0x00000000ed700000)
 ParOldGen       total 35328K, used 6490K [0x00000000c1600000, 0x00000000c3880000, 0x00000000eb200000)
  object space 35328K, 18% used [0x00000000c1600000,0x00000000c1c56800,0x00000000c3880000)
 Metaspace       used 20968K, capacity 21180K, committed 21296K, reserved 1067008K
  class space    used 2822K, capacity 2899K, committed 2944K, reserved 1048576K
}
Event: 8.927 GC heap before
{Heap before GC invocations=5 (full 1):
 PSYoungGen      total 18944K, used 16384K [0x00000000eb200000, 0x00000000ed700000, 0x0000000100000000)
  eden space 16384K, 100% used [0x00000000eb200000,0x00000000ec200000,0x00000000ec200000)
  from space 2560K, 0% used [0x00000000ec200000,0x00000000ec200000,0x00000000ec480000)
  to   space 2560K, 0% used [0x00000000ed480000,0x00000000ed480000,0x00000000ed700000)
 ParOldGen       total 35328K, used 6490K [0x00000000c1600000, 0x00000000c3880000, 0x00000000eb200000)
  object space 35328K, 18% used [0x00000000c1600000,0x00000000c1c56800,0x00000000c3880000)
 Metaspace       used 25072K, capacity 25378K, committed 25728K, reserved 1071104K
  class space    used 3319K, capacity 3394K, committed 3456K, reserved 1048576K
Event: 8.932 GC heap after
Heap after GC invocations=5 (full 1):
 PSYoungGen      total 26112K, used 2540K [0x00000000eb200000, 0x00000000ed700000, 0x0000000100000000)
  eden space 23552K, 0% used [0x00000000eb200000,0x00000000eb200000,0x00000000ec900000)
  from space 2560K, 99% used [0x00000000ed480000,0x00000000ed6fb100,0x00000000ed700000)
  to   space 2560K, 0% used [0x00000000ed200000,0x00000000ed200000,0x00000000ed480000)
 ParOldGen       total 35328K, used 10377K [0x00000000c1600000, 0x00000000c3880000, 0x00000000eb200000)
  object space 35328K, 29% used [0x00000000c1600000,0x00000000c2022478,0x00000000c3880000)
 Metaspace       used 25072K, capacity 25378K, committed 25728K, reserved 1071104K
  class space    used 3319K, capacity 3394K, committed 3456K, reserved 1048576K
}
Event: 15.501 GC heap before
{Heap before GC invocations=6 (full 1):
 PSYoungGen      total 26112K, used 25681K [0x00000000eb200000, 0x00000000ed700000, 0x0000000100000000)
  eden space 23552K, 98% used [0x00000000eb200000,0x00000000ec8995d8,0x00000000ec900000)
  from space 2560K, 99% used [0x00000000ed480000,0x00000000ed6fb100,0x00000000ed700000)
  to   space 2560K, 0% used [0x00000000ed200000,0x00000000ed200000,0x00000000ed480000)
 ParOldGen       total 35328K, used 10377K [0x00000000c1600000, 0x00000000c3880000, 0x00000000eb200000)
  object space 35328K, 29% used [0x00000000c1600000,0x00000000c2022478,0x00000000c3880000)
 Metaspace       used 26293K, capacity 26628K, committed 26880K, reserved 1073152K
  class space    used 3434K, capacity 3545K, committed 3584K, reserved 1048576K
Event: 15.510 GC heap after
Heap after GC invocations=6 (full 1):
 PSYoungGen      total 34816K, used 2557K [0x00000000eb200000, 0x00000000eeb80000, 0x0000000100000000)
  eden space 32256K, 0% used [0x00000000eb200000,0x00000000eb200000,0x00000000ed180000)
  from space 2560K, 99% used [0x00000000ed200000,0x00000000ed47f4f0,0x00000000ed480000)
  to   space 13312K, 0% used [0x00000000ede80000,0x00000000ede80000,0x00000000eeb80000)
 ParOldGen       total 35328K, used 21766K [0x00000000c1600000, 0x00000000c3880000, 0x00000000eb200000)
  object space 35328K, 61% used [0x00000000c1600000,0x00000000c2b41870,0x00000000c3880000)
 Metaspace       used 26293K, capacity 26628K, committed 26880K, reserved 1073152K
  class space    used 3434K, capacity 3545K, committed 3584K, reserved 1048576K
}

